Using pre-set license
Built from '2020.3/staging' branch; Version is '2020.3.5f1 (8095aa901b9b) revision 8426922'; Using compiler version '192528614'; Build Type 'Release'
OS: 'Windows 10 Home; OS build 19042.928; Version 2009; 64bit' Language: 'en' Physical Memory: 7959 MB
BatchMode: 1, IsHumanControllingUs: 0, StartBugReporterOnCrash: 0, Is64bit: 1, IsPro: 0

 COMMAND LINE ARGUMENTS:
C:\Program Files\Unity\Hub\Editor\2020.3.5f1\Editor\Unity.exe
-adb2
-batchMode
-noUpm
-name
AssetImportWorker0
-projectPath
C:/Users/ottoh/Unity Projekt/Kandidatprojekt
-logFile
Logs/AssetImportWorker0.log
-srvPort
52514
Successfully changed project path to: C:/Users/ottoh/Unity Projekt/Kandidatprojekt
C:/Users/ottoh/Unity Projekt/Kandidatprojekt
Using Asset Import Pipeline V2.
Refreshing native plugins compatible for Editor in 36.53 ms, found 5 plugins.
Preloading 0 native plugins for Editor in 0.00 ms.
Initialize engine version: 2020.3.5f1 (8095aa901b9b)
[Subsystems] Discovering subsystems at path C:/Program Files/Unity/Hub/Editor/2020.3.5f1/Editor/Data/Resources/UnitySubsystems
[Subsystems] Discovering subsystems at path C:/Users/ottoh/Unity Projekt/Kandidatprojekt/Assets
GfxDevice: creating device client; threaded=0
Direct3D:
    Version:  Direct3D 11.0 [level 11.1]
    Renderer: Intel(R) UHD Graphics (ID=0x8a56)
    Vendor:   
    VRAM:     3979 MB
    Driver:   27.20.100.8783
Initialize mono
Mono path[0] = 'C:/Program Files/Unity/Hub/Editor/2020.3.5f1/Editor/Data/Managed'
Mono path[1] = 'C:/Program Files/Unity/Hub/Editor/2020.3.5f1/Editor/Data/MonoBleedingEdge/lib/mono/unityjit'
Mono config path = 'C:/Program Files/Unity/Hub/Editor/2020.3.5f1/Editor/Data/MonoBleedingEdge/etc'
Using monoOptions --debugger-agent=transport=dt_socket,embedding=1,server=y,suspend=n,address=127.0.0.1:56292
Begin MonoManager ReloadAssembly
Registering precompiled unity dll's ...
Register platform support module: C:/Program Files/Unity/Hub/Editor/2020.3.5f1/Editor/Data/PlaybackEngines/WebGLSupport/UnityEditor.WebGL.Extensions.dll
Register platform support module: C:/Program Files/Unity/Hub/Editor/2020.3.5f1/Editor/Data/PlaybackEngines/WindowsStandaloneSupport/UnityEditor.WindowsStandalone.Extensions.dll
Registered in 0.002434 seconds.
Native extension for WindowsStandalone target not found
Native extension for WebGL target not found
Refreshing native plugins compatible for Editor in 33.15 ms, found 5 plugins.
Preloading 0 native plugins for Editor in 0.00 ms.
Mono: successfully reloaded assembly
- Completed reload, in  1.214 seconds
Platform modules already initialized, skipping
Registering precompiled user dll's ...
Registered in 0.005423 seconds.
Begin MonoManager ReloadAssembly
Native extension for WindowsStandalone target not found
Native extension for WebGL target not found
Refreshing native plugins compatible for Editor in 41.31 ms, found 5 plugins.
Preloading 0 native plugins for Editor in 0.00 ms.
Mono: successfully reloaded assembly
- Completed reload, in  0.984 seconds
Platform modules already initialized, skipping
========================================================================
Worker process is ready to serve import requests
Launched and connected shader compiler UnityShaderCompiler.exe after 0.05 seconds
Refreshing native plugins compatible for Editor in 0.40 ms, found 5 plugins.
Preloading 0 native plugins for Editor in 0.00 ms.
Unloading 1712 Unused Serialized files (Serialized files now loaded: 0)
System memory in use before: 81.3 MB.
System memory in use after: 81.2 MB.

Unloading 26 unused Assets to reduce memory usage. Loaded Objects now: 2148.
Total: 2.513900 ms (FindLiveObjects: 0.221700 ms CreateObjectMapping: 0.052500 ms MarkObjects: 2.120900 ms  DeleteObjects: 0.116800 ms)

========================================================================
Received Import Request.
  path: Assets/Samples/XR Interaction Toolkit
  artifactKey: Guid(dccb6fc0516388a4cb2d4c2714b89d3c) Importer(815301076,1909f56bfc062723c751e8b465ee728b)
Start importing Assets/Samples/XR Interaction Toolkit using Guid(dccb6fc0516388a4cb2d4c2714b89d3c) Importer(815301076,1909f56bfc062723c751e8b465ee728b)  -> (artifact id: '6a28b861e9d309985410ad48f5b6d489') in 0.014890 seconds
  Import took 0.018189 seconds .

========================================================================
Received Import Request.
  Time since last request: 10.256580 seconds.
  path: Assets/Samples/XR Interaction Toolkit/1.0.0-pre.3
  artifactKey: Guid(e61e8dd085f3948409eb9320340c4261) Importer(815301076,1909f56bfc062723c751e8b465ee728b)
Start importing Assets/Samples/XR Interaction Toolkit/1.0.0-pre.3 using Guid(e61e8dd085f3948409eb9320340c4261) Importer(815301076,1909f56bfc062723c751e8b465ee728b)  -> (artifact id: 'c69d4ef5d6817d3e4198de4a83ed49d2') in 0.013106 seconds
  Import took 0.017302 seconds .

========================================================================
Received Import Request.
  Time since last request: 0.784145 seconds.
  path: Assets/Samples/XR Interaction Toolkit/1.0.0-pre.3/Default Input Actions
  artifactKey: Guid(f20506c39e16dc04abddd69eeb04db4f) Importer(815301076,1909f56bfc062723c751e8b465ee728b)
Start importing Assets/Samples/XR Interaction Toolkit/1.0.0-pre.3/Default Input Actions using Guid(f20506c39e16dc04abddd69eeb04db4f) Importer(815301076,1909f56bfc062723c751e8b465ee728b)  -> (artifact id: 'd9c9153745892ecf37cac5cc4944e113') in 0.010147 seconds
  Import took 0.013762 seconds .

========================================================================
Received Import Request.
  Time since last request: 0.056444 seconds.
  path: Assets/Samples/XR Interaction Toolkit/1.0.0-pre.3/Default Input Actions/XRI Default Continuous Move.preset
  artifactKey: Guid(91f9da00cfdac5d49955df2d2d820b9c) Importer(815301076,1909f56bfc062723c751e8b465ee728b)
Start importing Assets/Samples/XR Interaction Toolkit/1.0.0-pre.3/Default Input Actions/XRI Default Continuous Move.preset using Guid(91f9da00cfdac5d49955df2d2d820b9c) Importer(815301076,1909f56bfc062723c751e8b465ee728b)  -> (artifact id: '56a0d609452ae62997469daad7086854') in 0.035852 seconds
  Import took 0.039962 seconds .

========================================================================
Received Import Request.
  Time since last request: 0.000242 seconds.
  path: Assets/Samples/XR Interaction Toolkit/1.0.0-pre.3/Default Input Actions/XRI Default Left Controller.preset
  artifactKey: Guid(ffd8268f7307a0c48a067dad4a8fe060) Importer(815301076,1909f56bfc062723c751e8b465ee728b)
Start importing Assets/Samples/XR Interaction Toolkit/1.0.0-pre.3/Default Input Actions/XRI Default Left Controller.preset using Guid(ffd8268f7307a0c48a067dad4a8fe060) Importer(815301076,1909f56bfc062723c751e8b465ee728b)  -> (artifact id: '607b1cb53428c763dc5079bd8fd75fe6') in 0.017300 seconds
  Import took 0.021236 seconds .

========================================================================
Received Import Request.
  Time since last request: 0.000222 seconds.
  path: Assets/Samples/XR Interaction Toolkit/1.0.0-pre.3/Default Input Actions/XRI Default Snap Turn.preset
  artifactKey: Guid(18697d253d848974aa7052cba872c9f0) Importer(815301076,1909f56bfc062723c751e8b465ee728b)
Start importing Assets/Samples/XR Interaction Toolkit/1.0.0-pre.3/Default Input Actions/XRI Default Snap Turn.preset using Guid(18697d253d848974aa7052cba872c9f0) Importer(815301076,1909f56bfc062723c751e8b465ee728b)  -> (artifact id: '3edd3e065687a25fb39de5c539692bff') in 0.011437 seconds
  Import took 0.015264 seconds .

========================================================================
Received Import Request.
  Time since last request: 0.000219 seconds.
  path: Assets/Samples/XR Interaction Toolkit/1.0.0-pre.3/Default Input Actions/XRI Default Input Actions.inputactions
  artifactKey: Guid(c348712bda248c246b8c49b3db54643f) Importer(815301076,1909f56bfc062723c751e8b465ee728b)
Start importing Assets/Samples/XR Interaction Toolkit/1.0.0-pre.3/Default Input Actions/XRI Default Input Actions.inputactions using Guid(c348712bda248c246b8c49b3db54643f) Importer(815301076,1909f56bfc062723c751e8b465ee728b)  -> (artifact id: '090e158fe1730398cb153fc20ca9ef16') in 0.018225 seconds
  Import took 0.022242 seconds .

========================================================================
Received Import Request.
  Time since last request: 0.000219 seconds.
  path: Assets/Samples/XR Interaction Toolkit/1.0.0-pre.3/Default Input Actions/XRI Default Continuous Turn.preset
  artifactKey: Guid(0caad3af14f9a414dbdf25ed41e5aa47) Importer(815301076,1909f56bfc062723c751e8b465ee728b)
Start importing Assets/Samples/XR Interaction Toolkit/1.0.0-pre.3/Default Input Actions/XRI Default Continuous Turn.preset using Guid(0caad3af14f9a414dbdf25ed41e5aa47) Importer(815301076,1909f56bfc062723c751e8b465ee728b)  -> (artifact id: '0471b9e35ff2b81ba2df7dea08ae377b') in 0.011110 seconds
  Import took 0.015313 seconds .

========================================================================
Received Import Request.
  Time since last request: 0.000267 seconds.
  path: Assets/Samples/XR Interaction Toolkit/1.0.0-pre.3/Default Input Actions/XRI Default Right Controller.preset
  artifactKey: Guid(1421ad86ff3787b4dae70fe9e699a25f) Importer(815301076,1909f56bfc062723c751e8b465ee728b)
Start importing Assets/Samples/XR Interaction Toolkit/1.0.0-pre.3/Default Input Actions/XRI Default Right Controller.preset using Guid(1421ad86ff3787b4dae70fe9e699a25f) Importer(815301076,1909f56bfc062723c751e8b465ee728b)  -> (artifact id: 'b368b448c793034f1af51e068facbcd7') in 0.014999 seconds
  Import took 0.018995 seconds .

========================================================================
Received Import Request.
  Time since last request: 703.750233 seconds.
  path: Packages/com.unity.xr.interaction.toolkit/Runtime/Inputs/InputActionPropertyExtensions.cs
  artifactKey: Guid(27a20e30fb6e8ca418bc90ea89ec6722) Importer(815301076,1909f56bfc062723c751e8b465ee728b)
Start importing Packages/com.unity.xr.interaction.toolkit/Runtime/Inputs/InputActionPropertyExtensions.cs using Guid(27a20e30fb6e8ca418bc90ea89ec6722) Importer(815301076,1909f56bfc062723c751e8b465ee728b)  -> (artifact id: '6cb51f0b28e95213b0cd7473b71499f1') in 0.112898 seconds
  Import took 0.118313 seconds .

========================================================================
Received Import Request.
  Time since last request: 1.756124 seconds.
  path: Packages/com.unity.xr.interaction.toolkit/Runtime/Inputs/InputActionManager.cs
  artifactKey: Guid(017c5e3933235514c9520e1dace2a4b2) Importer(815301076,1909f56bfc062723c751e8b465ee728b)
Start importing Packages/com.unity.xr.interaction.toolkit/Runtime/Inputs/InputActionManager.cs using Guid(017c5e3933235514c9520e1dace2a4b2) Importer(815301076,1909f56bfc062723c751e8b465ee728b)  -> (artifact id: '8c77ad0ae76d8489d4969210873a589a') in 0.011779 seconds
  Import took 0.016024 seconds .

========================================================================
Received Prepare
Registering precompiled user dll's ...
Registered in 0.003687 seconds.
Begin MonoManager ReloadAssembly
Native extension for WindowsStandalone target not found
Native extension for WebGL target not found
Refreshing native plugins compatible for Editor in 0.38 ms, found 5 plugins.
Preloading 0 native plugins for Editor in 0.00 ms.
Mono: successfully reloaded assembly
- Completed reload, in  0.973 seconds
Platform modules already initialized, skipping
Refreshing native plugins compatible for Editor in 0.54 ms, found 5 plugins.
Preloading 0 native plugins for Editor in 0.00 ms.
Unloading 1702 Unused Serialized files (Serialized files now loaded: 0)
System memory in use before: 80.8 MB.
System memory in use after: 80.9 MB.

Unloading 19 unused Assets to reduce memory usage. Loaded Objects now: 2152.
Total: 2.454800 ms (FindLiveObjects: 0.255300 ms CreateObjectMapping: 0.055100 ms MarkObjects: 2.074900 ms  DeleteObjects: 0.068200 ms)

========================================================================
Received Import Request.
  Time since last request: 680.200235 seconds.
  path: Assets/Prefabs/XR Rig.prefab
  artifactKey: Guid(94cb116c263192147bcb19228f2d52b6) Importer(815301076,1909f56bfc062723c751e8b465ee728b)
Start importing Assets/Prefabs/XR Rig.prefab using Guid(94cb116c263192147bcb19228f2d52b6) Importer(815301076,1909f56bfc062723c751e8b465ee728b)  -> (artifact id: '7a69fc22513a6b4da4fb623ac6c52dc4') in 0.092650 seconds
  Import took 0.098389 seconds .

AssetImportWorkerClient::OnTransportError - code=2 error=End of file
